Starting Unified Monitor in Watcher mode...
Check interval set to 60 seconds.
DEBUG: Kube-config loaded successfully.
DEBUG: Clients initialized: core_v1=True, apps_v1=True, custom_objects=True
K8s Watcher: Checking pod statuses...
K8s Watcher: Checking pod logs...
K8s Watcher: Checking network path accessibility for '/mnt/extraction_logs/'...
K8s Watcher: Checking pod resource usage...
K8s Watcher: Checking deployment health...
The Kubernetes Metrics Server is currently unavailable or returning errors. Error: Metrics API      
(metrics.k8s.io) not found. Is the Kubernetes Metrics Server installed?                             
Email notification sent for: ALERT: Kubernetes Metrics Server Unavailable
Watcher: Checking host log thresholds...
Watcher: Cycle complete. Sleeping for 60 seconds...
K8s Watcher: Checking pod statuses...
K8s Watcher: Checking pod logs...
K8s Watcher: Checking network path accessibility for '/mnt/extraction_logs/'...
K8s Watcher: Checking pod resource usage...
K8s Watcher: Checking deployment health...
Watcher: Checking host log thresholds...
Watcher: Cycle complete. Sleeping for 60 seconds...

Signal SIGTERM received. Shutting down gracefully...

Program termination logged.
